  EnemyNormal.cpp
  Player.cpp
  PlayerStateJump.cpp
  EffectManager.cpp
  GameManager.cpp
  MapManager.cpp
  ResourceManager.cpp
  SoundManager.cpp
  TrapManager.cpp
  Main.cpp
  Physics.cpp
  Crystal.cpp
  HealPortion.cpp
  Shot.cpp
  ArrowWallTrap.cpp
  SpikeTrap.cpp
  SceneBase.cpp
  SceneGame.cpp
  SceneStrengthen.cpp
  SceneTitle.cpp
  コードを生成中...
  コンパイル中...
  HPBar.cpp
  コードを生成中...
  LINK : 前回のインクリメンタル リンクで C:\Users\fko2347087\Desktop\Github\EmploymentWorks\EmploymentWork\x64\Debug\EmploymentWork.exe が見つからなかったか、ビルドされませんでした。フル リンクを行います。
  EmploymentWork.vcxproj -> C:\Users\fko2347087\Desktop\Github\EmploymentWorks\EmploymentWork\x64\Debug\EmploymentWork.exe
