  EnemyManager.cpp
C:\Users\fko2347087\Desktop\Github\EmploymentWorks\EmploymentWork\Common\EnemyManager.cpp(96,22): warning C4244: '=': 'int' から 'float' への変換です。データが失われる可能性があります。
C:\Users\fko2347087\Desktop\Github\EmploymentWorks\EmploymentWork\Common\EnemyManager.cpp(333,104): warning C4244: '引数': 'float' から 'int' への変換です。データが失われる可能性があります。
C:\Users\fko2347087\Desktop\Github\EmploymentWorks\EmploymentWork\Common\EnemyManager.cpp(523,48): warning C4244: '=': 'int' から 'float' への変換です。データが失われる可能性があります。
  GameManager.cpp
  ScoreManager.cpp
C:\Users\fko2347087\Desktop\Github\EmploymentWorks\EmploymentWork\Common\ScoreManager.cpp(69,3): warning C4002: 関数に似たマクロ呼び出し 'assert' の引数が多すぎます
  Main.cpp
  SceneResult.cpp
C:\Users\fko2347087\Desktop\Github\EmploymentWorks\EmploymentWork\Scene\SceneResult.cpp(165,50): warning C4244: '引数': 'float' から 'int' への変換です。データが失われる可能性があります。
C:\Users\fko2347087\Desktop\Github\EmploymentWorks\EmploymentWork\Scene\SceneResult.cpp(165,31): warning C4244: '引数': 'float' から 'int' への変換です。データが失われる可能性があります。
  SceneStageSelect.cpp
C:\Users\fko2347087\Desktop\Github\EmploymentWorks\EmploymentWork\Scene\SceneStageSelect.cpp(162,21): warning C4244: '引数': 'float' から 'int' への変換です。データが失われる可能性があります。
C:\Users\fko2347087\Desktop\Github\EmploymentWorks\EmploymentWork\Scene\SceneStageSelect.cpp(165,91): warning C4244: '引数': 'float' から 'int' への変換です。データが失われる可能性があります。
C:\Users\fko2347087\Desktop\Github\EmploymentWorks\EmploymentWork\Scene\SceneStageSelect.cpp(165,58): warning C4244: '引数': 'float' から 'int' への変換です。データが失われる可能性があります。
C:\Users\fko2347087\Desktop\Github\EmploymentWorks\EmploymentWork\Scene\SceneStageSelect.cpp(179,64): warning C4244: '引数': 'float' から 'int' への変換です。データが失われる可能性があります。
C:\Users\fko2347087\Desktop\Github\EmploymentWorks\EmploymentWork\Scene\SceneStageSelect.cpp(179,21): warning C4244: '引数': 'float' から 'int' への変換です。データが失われる可能性があります。
C:\Users\fko2347087\Desktop\Github\EmploymentWorks\EmploymentWork\Scene\SceneStageSelect.cpp(180,104): warning C4244: '引数': 'float' から 'int' への変換です。データが失われる可能性があります。
C:\Users\fko2347087\Desktop\Github\EmploymentWorks\EmploymentWork\Scene\SceneStageSelect.cpp(180,57): warning C4244: '引数': 'float' から 'int' への変換です。データが失われる可能性があります。
  コードを生成中...
  EmploymentWork.vcxproj -> C:\Users\fko2347087\Desktop\Github\EmploymentWorks\EmploymentWork\x64\Debug\EmploymentWork.exe
